<?xml version="1.0" encoding="utf-8"?><testsuites name="pytest tests"><testsuite name="pytest" errors="0" failures="0" skipped="1" tests="55" time="27.637" timestamp="2026-05-16T12:31:41.351317+00:00" hostname="agent-env-5b80a838-28ce-4651-af57-8d811f0b9483"><testcase classname="backend.tests.test_auth_flow.TestHealth" name="test_health" time="0.120" /><testcase classname="backend.tests.test_auth_flow.TestRegister" name="test_register_success_creates_user_subscription_wallet" time="0.282" /><testcase classname="backend.tests.test_auth_flow.TestRegister" name="test_register_duplicate_email_returns_409" time="0.333" /><testcase classname="backend.tests.test_auth_flow.TestRegister" name="test_register_weak_password_returns_422" time="0.063" /><testcase classname="backend.tests.test_auth_flow.TestRegister" name="test_register_missing_fields_returns_422" time="0.048" /><testcase classname="backend.tests.test_auth_flow.TestRegister" name="test_register_bad_email_format_returns_422" time="0.050" /><testcase classname="backend.tests.test_auth_flow.TestLogin" name="test_admin_login_role_preserved" time="0.280" /><testcase classname="backend.tests.test_auth_flow.TestLogin" name="test_client_login_after_register" time="0.552" /><testcase classname="backend.tests.test_auth_flow.TestLogin" name="test_wrong_password_returns_401" time="0.550" /><testcase classname="backend.tests.test_auth_flow.TestBruteForce" name="test_lockout_after_5_fails" time="1.723" /><testcase classname="backend.tests.test_auth_flow.TestMe" name="test_me_with_bearer_returns_user_no_hash" time="0.419" /><testcase classname="backend.tests.test_auth_flow.TestMe" name="test_me_without_token_returns_401" time="0.108" /><testcase classname="backend.tests.test_auth_flow.TestMe" name="test_me_with_invalid_token_returns_401" time="0.098" /><testcase classname="backend.tests.test_auth_flow.TestLogout" name="test_logout_requires_auth" time="0.101" /><testcase classname="backend.tests.test_auth_flow.TestLogout" name="test_logout_with_token_idempotent" time="0.515" /><testcase classname="backend.tests.test_auth_flow.TestDBSchema" name="test_admin_seeded" time="0.003" /><testcase classname="backend.tests.test_auth_flow.TestDBSchema" name="test_users_email_unique_index" time="0.010" /><testcase classname="backend.tests.test_phase3_flows.TestMeAccount" name="test_account_aggregated" time="0.413" /><testcase classname="backend.tests.test_phase3_flows.TestMeAccount" name="test_account_requires_auth" time="0.122" /><testcase classname="backend.tests.test_phase3_flows.TestCatalog" name="test_plans" time="0.102" /><testcase classname="backend.tests.test_phase3_flows.TestCatalog" name="test_packages" time="0.163" /><testcase classname="backend.tests.test_phase3_flows.TestWallet" name="test_get_wallet" time="0.055" /><testcase classname="backend.tests.test_phase3_flows.TestWallet" name="test_topup_mock_credits_balance" time="0.170" /><testcase classname="backend.tests.test_phase3_flows.TestWallet" name="test_topup_invalid_package" time="0.058" /><testcase classname="backend.tests.test_phase3_flows.TestSubscriptionUpgrade" name="test_upgrade_to_pro" time="0.119" /><testcase classname="backend.tests.test_phase3_flows.TestSubscriptionUpgrade" name="test_upgrade_invalid_tier" time="0.055" /><testcase classname="backend.tests.test_phase3_flows.TestChannels" name="test_list_empty_initial" time="0.115" /><testcase classname="backend.tests.test_phase3_flows.TestChannels" name="test_connect_whatsapp_mock" time="0.112" /><testcase classname="backend.tests.test_phase3_flows.TestChannels" name="test_disconnect_whatsapp" time="0.107" /><testcase classname="backend.tests.test_phase3_flows.TestChatwootSSO" name="test_sso_url_or_pending" time="16.432"><skipped type="pytest.skip" message="Chatwoot still provisioning — acceptable async state">/app/backend/tests/test_phase3_flows.py:211: Chatwoot still provisioning — acceptable async state</skipped></testcase><testcase classname="backend.tests.test_phase3_flows.TestAdminEndpoints" name="test_overview" time="0.509" /><testcase classname="backend.tests.test_phase3_flows.TestAdminEndpoints" name="test_clients" time="0.102" /><testcase classname="backend.tests.test_phase3_flows.TestAdminEndpoints" name="test_billing_overview" time="0.119" /><testcase classname="backend.tests.test_phase3_flows.TestAdminEndpoints" name="test_quotas" time="0.114" /><testcase classname="backend.tests.test_phase3_flows.TestAdminEndpoints" name="test_transactions" time="0.111" /><testcase classname="backend.tests.test_phase3_flows.TestAdminEndpoints" name="test_client_cannot_hit_admin" time="0.054" /><testcase classname="backend.tests.test_phase3_flows.TestAdminEndpoints" name="test_admin_credit_wallet_and_status" time="0.453" /><testcase classname="backend.tests.test_phase4_whatsapp.TestWhatsAppConfig" name="test_config_public_shape" time="0.104" /><testcase classname="backend.tests.test_phase4_whatsapp.TestWhatsAppConfig" name="test_config_no_auth_required" time="0.103" /><testcase classname="backend.tests.test_phase4_whatsapp.TestWhatsAppConnectMock" name="test_requires_auth" time="0.100" /><testcase classname="backend.tests.test_phase4_whatsapp.TestWhatsAppConnectMock" name="test_mock_connect_persists_channel" time="0.484" /><testcase classname="backend.tests.test_phase4_whatsapp.TestWhatsAppConnectMock" name="test_mock_connect_idempotent" time="0.152" /><testcase classname="backend.tests.test_phase4_whatsapp.TestWebhookVerify" name="test_verify_with_empty_token_must_403" time="0.104" /><testcase classname="backend.tests.test_phase4_whatsapp.TestWebhookVerify" name="test_verify_with_random_token_403" time="0.095" /><testcase classname="backend.tests.test_phase4_whatsapp.TestWebhookVerify" name="test_verify_wrong_mode_403" time="0.101" /><testcase classname="backend.tests.test_phase4_whatsapp.TestWebhookEvent" name="test_post_event_no_signature_accepted_when_meta_unconfigured" time="0.104" /><testcase classname="backend.tests.test_phase4_whatsapp.TestWebhookEvent" name="test_post_event_empty_body_accepted" time="0.109" /><testcase classname="backend.tests.test_phase4_whatsapp.TestLegacyChannel" name="test_legacy_endpoint_still_alive" time="0.106" /><testcase classname="backend.tests.test_phase4_whatsapp.TestLegacyChannel" name="test_legacy_disconnect" time="0.048" /><testcase classname="backend.tests.test_phase4_whatsapp.TestRegression" name="test_auth_me" time="0.382" /><testcase classname="backend.tests.test_phase4_whatsapp.TestRegression" name="test_me_account_aggregate" time="0.051" /><testcase classname="backend.tests.test_phase4_whatsapp.TestRegression" name="test_me_channels" time="0.048" /><testcase classname="backend.tests.test_phase4_whatsapp.TestRegression" name="test_me_wallet" time="0.049" /><testcase classname="backend.tests.test_phase4_whatsapp.TestRegression" name="test_wallet_topup_mock" time="0.146" /><testcase classname="backend.tests.test_phase4_whatsapp.TestRegression" name="test_admin_overview" time="0.438" /></testsuite></testsuites>