<?xml version="1.0" encoding="utf-8"?><testsuites name="pytest tests"><testsuite name="pytest" errors="0" failures="0" skipped="0" tests="16" time="9.633" timestamp="2026-06-03T13:05:19.129020+00:00" hostname="agent-env-5b80a838-28ce-4651-af57-8d811f0b9483"><testcase classname="backend.tests.test_phase7_audit.TestAuth" name="test_admin_me_after_login" time="0.462" /><testcase classname="backend.tests.test_phase7_audit.TestAuth" name="test_client_me_after_login" time="0.383" /><testcase classname="backend.tests.test_phase7_audit.TestAuth" name="test_cookie_attributes" time="0.000" /><testcase classname="backend.tests.test_phase7_audit.TestWhatsAppQR" name="test_qr_config_disabled" time="0.051" /><testcase classname="backend.tests.test_phase7_audit.TestWhatsAppQR" name="test_qr_status_not_linked" time="0.050" /><testcase classname="backend.tests.test_phase7_audit.TestWhatsAppQR" name="test_qr_create_returns_400_when_not_configured" time="0.050" /><testcase classname="backend.tests.test_phase7_audit.TestWhatsAppQR" name="test_qr_delete_ok_when_no_route" time="0.045" /><testcase classname="backend.tests.test_phase7_audit.TestAIDiagnostics" name="test_diagnostics_shape" time="0.051" /><testcase classname="backend.tests.test_phase7_audit.TestAISettings" name="test_provider_switch_masks_and_preserves_openai_key" time="0.096" /><testcase classname="backend.tests.test_phase7_audit.TestAITestReply" name="test_basic_reply_arabic" time="3.010" /><testcase classname="backend.tests.test_phase7_audit.TestAITestReply" name="test_repeat_threshold_handoff" time="3.039" /><testcase classname="backend.tests.test_phase7_audit.TestAITestReply" name="test_keyword_handoff" time="0.048" /><testcase classname="backend.tests.test_phase7_audit.TestAITestReply" name="test_already_handoff_suppression" time="0.051" /><testcase classname="backend.tests.test_phase7_audit.TestAdminClients" name="test_clients_list_contains_ahmed" time="0.053" /><testcase classname="backend.tests.test_phase7_audit.TestChatwootDowngrade" name="test_downgrade_returns_structured_response" time="1.936" /><testcase classname="backend.tests.test_phase7_audit.TestAdminConversationsActive" name="test_active_conversations_shape" time="0.209" /></testsuite></testsuites>