<?xml version="1.0" encoding="utf-8"?><testsuites name="pytest tests"><testsuite name="pytest" errors="0" failures="0" skipped="0" tests="18" time="3.129" timestamp="2026-05-16T12:31:33.915121+00:00" hostname="agent-env-5b80a838-28ce-4651-af57-8d811f0b9483"><testcase classname="backend.tests.test_phase4_whatsapp.TestWhatsAppConfig" name="test_config_public_shape" time="0.264" /><testcase classname="backend.tests.test_phase4_whatsapp.TestWhatsAppConfig" name="test_config_no_auth_required" time="0.141" /><testcase classname="backend.tests.test_phase4_whatsapp.TestWhatsAppConnectMock" name="test_requires_auth" time="0.119" /><testcase classname="backend.tests.test_phase4_whatsapp.TestWhatsAppConnectMock" name="test_mock_connect_persists_channel" time="0.489" /><testcase classname="backend.tests.test_phase4_whatsapp.TestWhatsAppConnectMock" name="test_mock_connect_idempotent" time="0.151" /><testcase classname="backend.tests.test_phase4_whatsapp.TestWebhookVerify" name="test_verify_with_empty_token_must_403" time="0.112" /><testcase classname="backend.tests.test_phase4_whatsapp.TestWebhookVerify" name="test_verify_with_random_token_403" time="0.103" /><testcase classname="backend.tests.test_phase4_whatsapp.TestWebhookVerify" name="test_verify_wrong_mode_403" time="0.119" /><testcase classname="backend.tests.test_phase4_whatsapp.TestWebhookEvent" name="test_post_event_no_signature_accepted_when_meta_unconfigured" time="0.163" /><testcase classname="backend.tests.test_phase4_whatsapp.TestWebhookEvent" name="test_post_event_empty_body_accepted" time="0.142" /><testcase classname="backend.tests.test_phase4_whatsapp.TestLegacyChannel" name="test_legacy_endpoint_still_alive" time="0.093" /><testcase classname="backend.tests.test_phase4_whatsapp.TestLegacyChannel" name="test_legacy_disconnect" time="0.048" /><testcase classname="backend.tests.test_phase4_whatsapp.TestRegression" name="test_auth_me" time="0.377" /><testcase classname="backend.tests.test_phase4_whatsapp.TestRegression" name="test_me_account_aggregate" time="0.054" /><testcase classname="backend.tests.test_phase4_whatsapp.TestRegression" name="test_me_channels" time="0.051" /><testcase classname="backend.tests.test_phase4_whatsapp.TestRegression" name="test_me_wallet" time="0.051" /><testcase classname="backend.tests.test_phase4_whatsapp.TestRegression" name="test_wallet_topup_mock" time="0.152" /><testcase classname="backend.tests.test_phase4_whatsapp.TestRegression" name="test_admin_overview" time="0.429" /></testsuite></testsuites>