<?xml version="1.0" encoding="utf-8"?><testsuites name="pytest tests"><testsuite name="pytest" errors="0" failures="0" skipped="1" tests="13" time="6.192" timestamp="2026-05-17T13:02:32.224059+00:00" hostname="agent-env-5b80a838-28ce-4651-af57-8d811f0b9483"><testcase classname="backend.tests.test_phase6_thawani" name="test_payments_config_mock" time="0.326" /><testcase classname="backend.tests.test_phase6_thawani" name="test_wallet_packages_returns_gateway" time="0.147" /><testcase classname="backend.tests.test_phase6_thawani" name="test_topup_mock_credits_instantly" time="0.392" /><testcase classname="backend.tests.test_phase6_thawani" name="test_topup_invalid_package" time="0.052" /><testcase classname="backend.tests.test_phase6_thawani" name="test_thawani_webhook_checkout_completed_credits_wallet" time="0.169" /><testcase classname="backend.tests.test_phase6_thawani" name="test_thawani_webhook_payment_failed_no_match" time="0.109" /><testcase classname="backend.tests.test_phase6_thawani" name="test_thawani_webhook_credits_pending_txn" time="0.200" /><testcase classname="backend.tests.test_phase6_thawani" name="test_simulate_without_demo_channel_returns_400" time="0.103" /><testcase classname="backend.tests.test_phase6_thawani" name="test_connect_demo_then_simulate" time="3.913"><skipped type="pytest.skip" message="Chatwoot upstream issue: {&quot;detail&quot;:&quot;create_contact 422: {\&quot;message\&quot;:\&quot;Phone number should be in e164 format\&quot;,\&quot;attributes\&quot;:[\&quot;phone_number\&quot;]}&quot;}">/app/backend/tests/test_phase6_thawani.py:153: Chatwoot upstream issue: {"detail":"create_contact 422: {\"message\":\"Phone number should be in e164 format\",\"attributes\":[\"phone_number\"]}"}</skipped></testcase><testcase classname="backend.tests.test_phase6_thawani" name="test_auth_me" time="0.050" /><testcase classname="backend.tests.test_phase6_thawani" name="test_admin_overview" time="0.449" /><testcase classname="backend.tests.test_phase6_thawani" name="test_me_account" time="0.061" /><testcase classname="backend.tests.test_phase6_thawani" name="test_me_channels" time="0.053" /></testsuite></testsuites>