<?xml version="1.0" encoding="utf-8"?><testsuites name="pytest tests"><testsuite name="pytest" errors="0" failures="0" skipped="1" tests="20" time="20.334" timestamp="2026-05-16T12:02:05.263183+00:00" hostname="agent-env-5b80a838-28ce-4651-af57-8d811f0b9483"><testcase classname="backend.tests.test_phase3_flows.TestMeAccount" name="test_account_aggregated" time="0.522" /><testcase classname="backend.tests.test_phase3_flows.TestMeAccount" name="test_account_requires_auth" time="0.148" /><testcase classname="backend.tests.test_phase3_flows.TestCatalog" name="test_plans" time="0.174" /><testcase classname="backend.tests.test_phase3_flows.TestCatalog" name="test_packages" time="0.100" /><testcase classname="backend.tests.test_phase3_flows.TestWallet" name="test_get_wallet" time="0.053" /><testcase classname="backend.tests.test_phase3_flows.TestWallet" name="test_topup_mock_credits_balance" time="0.154" /><testcase classname="backend.tests.test_phase3_flows.TestWallet" name="test_topup_invalid_package" time="0.049" /><testcase classname="backend.tests.test_phase3_flows.TestSubscriptionUpgrade" name="test_upgrade_to_pro" time="0.183" /><testcase classname="backend.tests.test_phase3_flows.TestSubscriptionUpgrade" name="test_upgrade_invalid_tier" time="0.051" /><testcase classname="backend.tests.test_phase3_flows.TestChannels" name="test_list_empty_initial" time="0.102" /><testcase classname="backend.tests.test_phase3_flows.TestChannels" name="test_connect_whatsapp_mock" time="0.104" /><testcase classname="backend.tests.test_phase3_flows.TestChannels" name="test_disconnect_whatsapp" time="0.100" /><testcase classname="backend.tests.test_phase3_flows.TestChatwootSSO" name="test_sso_url_or_pending" time="16.420"><skipped type="pytest.skip" message="Chatwoot still provisioning — acceptable async state">/app/backend/tests/test_phase3_flows.py:211: Chatwoot still provisioning — acceptable async state</skipped></testcase><testcase classname="backend.tests.test_phase3_flows.TestAdminEndpoints" name="test_overview" time="0.829" /><testcase classname="backend.tests.test_phase3_flows.TestAdminEndpoints" name="test_clients" time="0.135" /><testcase classname="backend.tests.test_phase3_flows.TestAdminEndpoints" name="test_billing_overview" time="0.112" /><testcase classname="backend.tests.test_phase3_flows.TestAdminEndpoints" name="test_quotas" time="0.155" /><testcase classname="backend.tests.test_phase3_flows.TestAdminEndpoints" name="test_transactions" time="0.110" /><testcase classname="backend.tests.test_phase3_flows.TestAdminEndpoints" name="test_client_cannot_hit_admin" time="0.049" /><testcase classname="backend.tests.test_phase3_flows.TestAdminEndpoints" name="test_admin_credit_wallet_and_status" time="0.599" /></testsuite></testsuites>