<?xml version="1.0" encoding="utf-8"?><testsuites name="pytest tests"><testsuite name="pytest" errors="0" failures="0" skipped="0" tests="17" time="5.476" timestamp="2026-05-13T23:01:49.189753+00:00" hostname="agent-env-5b80a838-28ce-4651-af57-8d811f0b9483"><testcase classname="backend.tests.test_auth_flow.TestHealth" name="test_health" time="0.163" /><testcase classname="backend.tests.test_auth_flow.TestRegister" name="test_register_success_creates_user_subscription_wallet" time="0.280" /><testcase classname="backend.tests.test_auth_flow.TestRegister" name="test_register_duplicate_email_returns_409" time="0.321" /><testcase classname="backend.tests.test_auth_flow.TestRegister" name="test_register_weak_password_returns_422" time="0.059" /><testcase classname="backend.tests.test_auth_flow.TestRegister" name="test_register_missing_fields_returns_422" time="0.054" /><testcase classname="backend.tests.test_auth_flow.TestRegister" name="test_register_bad_email_format_returns_422" time="0.047" /><testcase classname="backend.tests.test_auth_flow.TestLogin" name="test_admin_login_role_preserved" time="0.274" /><testcase classname="backend.tests.test_auth_flow.TestLogin" name="test_client_login_after_register" time="0.547" /><testcase classname="backend.tests.test_auth_flow.TestLogin" name="test_wrong_password_returns_401" time="0.562" /><testcase classname="backend.tests.test_auth_flow.TestBruteForce" name="test_lockout_after_5_fails" time="1.751" /><testcase classname="backend.tests.test_auth_flow.TestMe" name="test_me_with_bearer_returns_user_no_hash" time="0.404" /><testcase classname="backend.tests.test_auth_flow.TestMe" name="test_me_without_token_returns_401" time="0.100" /><testcase classname="backend.tests.test_auth_flow.TestMe" name="test_me_with_invalid_token_returns_401" time="0.131" /><testcase classname="backend.tests.test_auth_flow.TestLogout" name="test_logout_requires_auth" time="0.109" /><testcase classname="backend.tests.test_auth_flow.TestLogout" name="test_logout_with_token_idempotent" time="0.507" /><testcase classname="backend.tests.test_auth_flow.TestDBSchema" name="test_admin_seeded" time="0.004" /><testcase classname="backend.tests.test_auth_flow.TestDBSchema" name="test_users_email_unique_index" time="0.011" /></testsuite></testsuites>